{
  "RSpec": {
    "coverage": {
      "/Users/ivan/Development/flatiron/code/playlister-lecture-rails/app/controllers/artists_controller.rb": [
        1,
        null
      ],
      "/Users/ivan/Development/flatiron/code/playlister-lecture-rails/app/controllers/application_controller.rb": [
        1,
        null,
        null,
        1,
        null
      ],
      "/Users/ivan/Development/flatiron/code/playlister-lecture-rails/app/controllers/songs_controller.rb": [
        1,
        1,
        null,
        null,
        null,
        1,
        2,
        null,
        null,
        null,
        null,
        1,
        null,
        null,
        null,
        1,
        3,
        null,
        null,
        null,
        1,
        null,
        null,
        null,
        null,
        1,
        6,
        null,
        6,
        6,
        8,
        4,
        null,
        4,
        2,
        null,
        null,
        null,
        null,
        null,
        null,
        1,
        5,
        5,
        4,
        2,
        null,
        6,
        3,
        null,
        null,
        null,
        null,
        null,
        null,
        1,
        2,
        2,
        4,
        2,
        null,
        null,
        null,
        1,
        null,
        1,
        10,
        null,
        null,
        null,
        1,
        11,
        null,
        null
      ],
      "/Users/ivan/Development/flatiron/code/playlister-lecture-rails/app/models/artist.rb": [
        1,
        1,
        null
      ],
      "/Users/ivan/Development/flatiron/code/playlister-lecture-rails/app/models/song.rb": [
        1,
        1,
        null,
        1,
        1,
        null,
        null
      ]
    },
    "timestamp": 1383684686
  }
}
